Thu, 26 Sep 2019 21:46:44 removeOssCerts.py[line:36] INFO Program started!
Thu, 26 Sep 2019 21:46:44 removeOssCerts.py[line:38] INFO establish ENM terminal session:
Thu, 26 Sep 2019 21:46:44 session.py[line:53] INFO ENM opening session: https://enmnth.rfterranenm1.net, Administrator
Thu, 26 Sep 2019 21:46:44 connectionpool.py[line:735] INFO Starting new HTTPS connection (1): enmnth.rfterranenm1.net
Thu, 26 Sep 2019 21:46:44 session.py[line:60] INFO ENM session is open: [https://enmnth.rfterranenm1.net][Administrator][<enmscripting.private.session.ExternalSession object at 0x0000000005EA09E8>]
Thu, 26 Sep 2019 21:46:44 removeOssCerts.py[line:43] INFO ENM terminal session established!
Thu, 26 Sep 2019 21:46:44 removeOssCerts.py[line:55] INFO has-result: True
has-file: False
output:
FDN : SubNetwork=RadioNode,MeContext=PSN1721Q_9NB01,ManagedElement=PSN1721Q_9NB01,SystemFunctions=1,SecM=1,CertM=1,TrustedCertificate=1
certificateContent : {publicKey=Modulus: 98:00:7c:31:46:57:0f:a0:7e:9a:12:1a:c1:31:63:12:ab:1a:be:d1:86:64:e1:49:74:8e:51:2d:8d:5c:89:a0:02:d3:da:f7:ed:6c:08:78:34:f0:eb:79:f7:48:49:f6:9f:9d:86:9e:90:14:28:e4:0b:06:02:59:e0:c6:c5:6c:d2:ad:40:53:c0:ed:93:c8:cf:88:a3:d0:b5:47:db:ae:aa:98:41:21:4f:62:d3:a6:2d:5d:3f:61:ba:0f:a8:da:0d:a5:d5:a7:51:4a:44:46:84:39:c6:74:c3:92:29:9f:a0:94:53:44:45:e7:70:fb:80:06:f1:3f:27:4e:b8:6d:ed:b8:13:2e:ed:1b:ee:31:e7:8b:f8:3d:ce:42:57:b3:72:a2:e8:ba:44:73:bd:fd:79:f0:f7:d4:ba:68:d2:e4:b9:e6:6b:32:0a:b5:dc:85:73:f7:c0:e0:a2:27:ea:bd:7f:58:dc:8e:38:c1:63:95:a5:ce:fa:70:fe:37:d5:37:d6:96:b8:89:9d:6a:a7:80:f9:65:e9:b8:c7:88:66:48:18:b6:01:93:27:14:ee:b4:ac:e8:c7:2c:d0:30:18:a0:8b:47:e4:ac:12:9f:30:77:5d:4a:b5:c5:46:62:b3:63:16:f0:2b:92:c2:b6:ae:f6:89:10:80:9c:22:f4:36:cf Exponent: 65537, validTo=2023-09-22T08:37:22+00:00, issuer=CN=COMInfRootCA,OU=ericssonOAM,O=Ericsson, subject=CN=RACSACertCA,OU=ericssonOAM,O=Ericsson, signatureAlgorithm=sha1WithRSAEncryption, publicKeyAlgorithm=rsaEncryption, validFrom=2013-09-24T08:38:08+00:00, serialNumber=3b:16:16:56, extensionContent=[SubjectKeyIdentifier: 41:83:2b:b3:4c:da:36:2d:5f:91:83:db:57:7a:cb:68:c5:2a:ba:59, BasicConstraints*.CA: true, AuthorityKeyIdentifier.keyIdentifier: 5c:64:e8:da:fd:f9:fd:60:fb:9d:f5:3e:ec:38:d6:80:01:bb:a7:db, CRLDistributionPoints.fullname.uri: http://cdp1.cdps.rfterranoss.net:2377/internal/COMInfRootCA.crl, CRLDistributionPoints.fullname.uri: http://cdp2.cdps.rfterranoss.net:2377/internal/COMInfRootCA.crl], keyUsage=digitalSignature, keyCertSign, cRLSign, version=v3}
certificateState : NOT_VALID_YET
managedState : DISABLED
trustedCertificateId : 1

FDN : SubNetwork=RadioNode,MeContext=PSN1721Q_9NB01,ManagedElement=PSN1721Q_9NB01,SystemFunctions=1,SecM=1,CertM=1,TrustedCertificate=10
certificateContent : {publicKey=Modulus: 99:97:cd:2b:2b:e7:b2:2d:38:b1:de:80:db:3d:dc:53:8a:a4:4d:4f:91:ed:d6:aa:b5:0e:75:e7:dc:53:70:c1:de:fe:ab:16:33:f2:22:fe:5e:3c:90:85:69:7c:5a:3e:6e:61:e5:01:eb:d5:bd:29:cb:83:6b:07:5f:bc:06:fa:ce:d1:e8:da:c4:14:7b:e5:11:9c:5d:90:24:db:fc:b7:12:80:bd:6d:46:65:e4:92:ff:9d:46:7f:f8:16:da:de:64:45:63:b3:37:01:ef:d8:b5:18:dd:cb:2f:34:b0:5d:3f:8f:85:ac:0e:03:5f:48:f5:c5:63:bc:79:1b:04:23:4a:bd:e2:1f:c2:9c:66:48:47:9c:af:85:b8:f2:f7:15:6d:49:9b:5b:a0:a1:39:46:5f:1c:86:99:c9:06:09:67:41:18:91:34:7f:25:8c:71:3b:9d:d8:22:91:c1:64:69:28:a5:5e:66:e8:1c:f6:e3:e9:e0:ae:33:3b:50:0e:fc:7d:cb:34:02:56:a3:d2:36:2b:e7:02:73:cc:e8:2a:1e:85:00:7b:f3:a8:89:35:44:7d:3a:be:0c:39:6f:02:10:47:09:56:2a:a4:fc:92:a5:9d:64:b0:3c:f0:15:46:92:90:2b:09:34:2a:52:9b:86:cf:58:f4:a3:9c:4e:dc:0f Exponent: 65537, validTo=2025-11-10T17:41:26+00:00, issuer=CN=ENM_PKI_Root_CA,C=TH,O=TrueCorp,OU=EnmNth, subject=CN=NE_OAM_CA,C=TH,O=TrueCorp,OU=EnmNth, signatureAlgorithm=sha256WithRSAEncryption, publicKeyAlgorithm=rsaEncryption, validFrom=2017-11-10T17:41:26+00:00, serialNumber=58:b1:90:e8:d5:7c:bf:8c, extensionContent=[CRLDistributionPoints.fullname.uri: http://10.81.10.7:8092/pki-cdps?ca_name=ENM_PKI_Root_CA&ca_cert_serialnumber=6c9bb990fa872d48, CRLDistributionPoints.fullname.uri: http://[]:8092/pki-cdps?ca_name=ENM_PKI_Root_CA&ca_cert_serialnumber=6c9bb990fa872d48, SubjectKeyIdentifier: 5e:12:6d:2d:68:87:d0:7d:f0:42:81:c9:c3:0f:2f:09:4e:30:ff:c4, BasicConstraints*.CA: true, AuthorityKeyIdentifier.keyIdentifier: d7:c3:66:7a:03:2b:80:f3:8a:11:bb:90:17:e1:31:a8:d8:f8:38:e7], keyUsage=keyCertSign, cRLSign, version=v3}
certificateState : VALID
managedState : ENABLED
trustedCertificateId : 10

FDN : SubNetwork=RadioNode,MeContext=PSN1721Q_9NB01,ManagedElement=PSN1721Q_9NB01,SystemFunctions=1,SecM=1,CertM=1,TrustedCertificate=2
certificateContent : {publicKey=Modulus: bf:f7:a4:07:43:be:b6:1e:d5:cf:07:ac:1a:5a:c8:02:fb:f1:75:a5:5b:83:ca:21:43:9a:60:bb:57:93:b4:b4:da:29:d1:e7:29:df:3e:c2:a0:d8:01:2f:b5:7a:9d:71:7e:cd:bf:1b:a1:46:4e:05:dc:94:80:5f:66:0b:c4:cc:31:71:9d:f3:36:26:6e:b9:ba:32:5b:7b:39:53:1e:4a:46:2e:61:d4:25:19:50:b7:b6:c4:ff:70:35:79:19:81:ca:39:a1:11:b4:d4:fd:06:42:ef:3a:98:32:f9:e6:b8:84:12:a4:d1:2b:4c:a1:1f:37:8d:44:19:6a:21:bb:a8:70:ea:e2:7e:2b:9a:d6:d3:fd:98:1f:25:ac:67:a6:60:ef:63:4d:49:ca:7d:58:fe:5c:8b:5e:c3:38:c1:d7:7d:b0:51:3b:42:48:f3:b3:9f:09:64:1b:c4:d9:59:e2:29:4f:51:0d:a8:37:1e:7c:66:4c:eb:43:6a:01:89:ac:d6:eb:81:70:4d:88:2b:f2:fb:9e:ae:bc:a2:21:49:44:31:e2:ab:a5:9b:59:95:88:b3:7c:94:e6:4a:8b:3e:9c:85:5d:62:6f:4a:73:5d:ba:4d:e6:9c:e6:dc:c3:a4:5b:47:e2:11:9d:f8:ac:bd:64:2c:2e:89:77:10:ee:b8:aa:31 Exponent: 65537, validTo=2023-09-22T08:37:30+00:00, issuer=CN=ross1RootCA,OU=ericssonOAM,O=Ericsson, subject=CN=ross1RootCA,OU=ericssonOAM,O=Ericsson, signatureAlgorithm=sha1WithRSAEncryption, publicKeyAlgorithm=rsaEncryption, validFrom=2013-09-24T08:37:30+00:00, serialNumber=7b:08:24:db, extensionContent=[SubjectKeyIdentifier: 9f:e3:14:34:fd:c7:84:cd:7f:f1:8e:b3:08:1e:0a:70:f1:89:73:4a, BasicConstraints*.CA: true, AuthorityKeyIdentifier.keyIdentifier: 9f:e3:14:34:fd:c7:84:cd:7f:f1:8e:b3:08:1e:0a:70:f1:89:73:4a], keyUsage=digitalSignature, keyCertSign, cRLSign, version=v3}
certificateState : NOT_VALID_YET
managedState : DISABLED
trustedCertificateId : 2

FDN : SubNetwork=RadioNode,MeContext=PSN1721Q_9NB01,ManagedElement=PSN1721Q_9NB01,SystemFunctions=1,SecM=1,CertM=1,TrustedCertificate=3
certificateContent : {publicKey=Modulus: 85:03:65:93:8c:d9:4b:9c:b0:a7:f1:e4:4e:5b:cc:4f:5e:c0:d4:cd:49:a1:ef:91:bd:ea:b9:51:80:f9:5d:25:db:80:a0:6e:18:d3:74:f3:0b:db:7d:96:05:f7:ff:9f:6f:fd:80:40:08:90:0e:5f:56:5d:b7:04:80:c8:f8:cc:5a:90:14:c4:c6:51:15:65:4e:a6:7a:6e:77:8e:28:01:b5:72:0b:98:95:c6:de:fe:58:da:94:06:4a:06:32:8a:e3:9e:02:d1:64:b2:b7:2a:74:6f:f1:59:7b:d0:20:a5:74:f4:64:89:66:a4:38:2d:2c:e0:39:4b:e8:e8:73:46:56:66:74:13:aa:41:63:b1:90:dc:7e:fb:f6:0a:36:35:92:6e:f2:07:ad:97:23:14:fe:92:21:40:a5:72:e5:bf:0c:32:71:18:bc:27:d3:d9:59:4c:6f:ac:be:20:47:27:67:f9:52:6c:0a:e0:c6:22:6d:1d:0c:98:83:16:ba:c7:7d:86:89:23:25:88:06:31:17:be:9e:b9:e1:84:d6:60:06:2f:a1:13:d7:c2:0b:66:84:bc:ff:a0:15:9a:e8:b9:b5:f6:b6:7f:69:1a:4f:92:be:c1:e2:05:08:64:fa:f7:7f:8f:3e:95:0a:bf:cc:f8:55:df:00:f7:de:72:dd:7b Exponent: 65537, validTo=2023-09-22T08:37:30+00:00, issuer=CN=ross1RootCA,OU=ericssonOAM,O=Ericsson, subject=CN=ross1MSCertCA,OU=ericssonOAM,O=Ericsson, signatureAlgorithm=sha1WithRSAEncryption, publicKeyAlgorithm=rsaEncryption, validFrom=2013-09-24T08:37:47+00:00, serialNumber=5c:77:31:9b, extensionContent=[SubjectKeyIdentifier: 74:61:52:a6:17:ac:c2:e2:b6:39:6a:15:39:c9:94:41:0c:3c:06:f9, BasicConstraints*.CA: true, AuthorityKeyIdentifier.keyIdentifier: 9f:e3:14:34:fd:c7:84:cd:7f:f1:8e:b3:08:1e:0a:70:f1:89:73:4a, CRLDistributionPoints.fullname.uri: http://cdp1.cdps.rfterranoss.net:2377/internal/ross1RootCA.crl, CRLDistributionPoints.fullname.uri: http://cdp2.cdps.rfterranoss.net:2377/internal/ross1RootCA.crl], keyUsage=digitalSignature, keyCertSign, cRLSign, version=v3}
certificateState : NOT_VALID_YET
managedState : DISABLED
trustedCertificateId : 3

FDN : SubNetwork=RadioNode,MeContext=PSN1721Q_9NB01,ManagedElement=PSN1721Q_9NB01,SystemFunctions=1,SecM=1,CertM=1,TrustedCertificate=4
certificateContent : {publicKey=Modulus: ae:10:4a:65:fb:d2:ff:1e:82:58:1c:fc:5d:ad:a8:6e:60:67:11:53:db:72:31:a2:f8:f6:c0:85:c6:df:3e:e0:ed:dc:73:2a:a9:1f:81:0e:07:7a:ae:52:d5:8b:96:72:a1:a2:ac:af:89:ae:8a:41:af:d9:6c:39:ea:d5:a7:ac:78:55:a7:9f:9d:a8:18:06:fa:70:99:e2:64:77:85:34:fd:0b:20:db:f5:68:8f:65:b4:30:80:bf:7a:62:9f:e5:33:1e:80:46:7a:9b:c4:12:48:d3:c4:c5:a9:f9:e8:9f:98:25:af:00:83:38:74:86:7b:4c:2a:6a:aa:df:a3:70:7f:5d:b7:7f:70:5d:9c:dc:3c:16:29:9c:b5:69:72:58:7b:64:64:71:8a:1a:ce:20:87:e5:7f:93:4a:a9:88:fc:e1:94:77:ca:6f:1d:fa:ba:ac:59:ea:8f:84:19:cc:2c:04:2f:5e:60:b8:2d:d5:ce:8c:e7:c8:b9:5b:6f:4e:d5:dc:de:93:48:30:51:d1:18:a5:e7:35:e1:56:1c:0f:7f:2b:eb:50:34:a6:e1:25:81:c2:29:46:25:6f:c5:0e:ba:68:93:b2:5f:bf:a8:f5:8f:b5:d9:88:2a:0e:ca:47:d2:5d:12:4d:b5:37:74:91:3a:0b:91:41:8e:d7:12:bd:d3 Exponent: 65537, validTo=2023-09-22T08:37:22+00:00, issuer=CN=COMInfRootCA,OU=ericssonOAM,O=Ericsson, subject=CN=COMInfRootCA,OU=ericssonOAM,O=Ericsson, signatureAlgorithm=sha1WithRSAEncryption, publicKeyAlgorithm=rsaEncryption, validFrom=2013-09-24T08:37:22+00:00, serialNumber=77:8b:91:c0, extensionContent=[SubjectKeyIdentifier: 5c:64:e8:da:fd:f9:fd:60:fb:9d:f5:3e:ec:38:d6:80:01:bb:a7:db, BasicConstraints*.CA: true, AuthorityKeyIdentifier.keyIdentifier: 5c:64:e8:da:fd:f9:fd:60:fb:9d:f5:3e:ec:38:d6:80:01:bb:a7:db], keyUsage=digitalSignature, keyCertSign, cRLSign, version=v3}
certificateState : NOT_VALID_YET
managedState : DISABLED
trustedCertificateId : 4

FDN : SubNetwork=RadioNode,MeContext=PSN1721Q_9NB01,ManagedElement=PSN1721Q_9NB01,SystemFunctions=1,SecM=1,CertM=1,TrustedCertificate=5
certificateContent : {publicKey=Modulus: 88:a4:dc:ad:7c:fb:c5:91:30:bc:8c:17:93:c6:f4:43:f2:04:65:ee:2c:73:e9:94:c4:92:07:80:8f:43:ff:5e:2e:24:a6:bb:8b:46:05:ff:32:1c:a1:ae:77:87:29:32:bb:4e:5e:83:9d:6b:89:26:0b:93:06:f6:fd:76:61:cc:93:30:b9:ac:37:14:28:70:7d:14:82:02:7d:47:77:ed:ff:57:ef:a0:8f:8f:d0:64:85:38:71:13:d8:45:96:17:f9:1a:b9:06:91:65:6a:4e:f0:d0:89:f7:56:70:b9:ce:0a:f3:41:8f:47:59:3c:c7:47:28:1b:cb:c7:da:e8:51:d4:39:05:fc:5b:22:7e:91:ba:e1:eb:77:8c:c0:4c:16:b7:21:0f:67:e8:7e:91:de:dc:89:5c:26:91:df:69:b8:3c:06:c5:6b:c9:83:40:10:c7:54:cc:c5:e0:86:58:54:63:04:06:c7:59:91:44:77:3f:01:45:8a:0f:fb:2f:9e:24:86:b3:ef:3e:d5:76:a8:6b:17:3a:ef:9b:a7:5a:71:b7:99:d2:b3:bd:4c:b8:1c:94:e1:80:2a:f7:0d:88:e4:3e:f1:db:0d:8e:97:2b:57:77:bf:20:84:f3:5c:e3:d2:14:d8:5e:3d:90:e3:0e:2b:03:5b:d3:c3:52:33:88:09 Exponent: 65537, validTo=2023-09-22T08:37:22+00:00, issuer=CN=COMInfRootCA,OU=ericssonOAM,O=Ericsson, subject=CN=DSCertCA,OU=ericssonOAM,O=Ericsson, signatureAlgorithm=sha1WithRSAEncryption, publicKeyAlgorithm=rsaEncryption, validFrom=2013-09-24T08:38:47+00:00, serialNumber=20:9d:55:7b, extensionContent=[SubjectKeyIdentifier: 8b:4e:64:05:6f:88:a9:0a:d4:1b:b8:c4:2e:56:34:7b:06:32:1e:06, BasicConstraints*.CA: true, AuthorityKeyIdentifier.keyIdentifier: 5c:64:e8:da:fd:f9:fd:60:fb:9d:f5:3e:ec:38:d6:80:01:bb:a7:db, CRLDistributionPoints.fullname.uri: http://cdp1.cdps.rfterranoss.net:2377/internal/COMInfRootCA.crl, CRLDistributionPoints.fullname.uri: http://cdp2.cdps.rfterranoss.net:2377/internal/COMInfRootCA.crl], keyUsage=digitalSignature, keyCertSign, cRLSign, version=v3}
certificateState : NOT_VALID_YET
managedState : DISABLED
trustedCertificateId : 5

FDN : SubNetwork=RadioNode,MeContext=PSN1721Q_9NB01,ManagedElement=PSN1721Q_9NB01,SystemFunctions=1,SecM=1,CertM=1,TrustedCertificate=6
certificateContent : {publicKey=Modulus: bf:f7:a4:07:43:be:b6:1e:d5:cf:07:ac:1a:5a:c8:02:fb:f1:75:a5:5b:83:ca:21:43:9a:60:bb:57:93:b4:b4:da:29:d1:e7:29:df:3e:c2:a0:d8:01:2f:b5:7a:9d:71:7e:cd:bf:1b:a1:46:4e:05:dc:94:80:5f:66:0b:c4:cc:31:71:9d:f3:36:26:6e:b9:ba:32:5b:7b:39:53:1e:4a:46:2e:61:d4:25:19:50:b7:b6:c4:ff:70:35:79:19:81:ca:39:a1:11:b4:d4:fd:06:42:ef:3a:98:32:f9:e6:b8:84:12:a4:d1:2b:4c:a1:1f:37:8d:44:19:6a:21:bb:a8:70:ea:e2:7e:2b:9a:d6:d3:fd:98:1f:25:ac:67:a6:60:ef:63:4d:49:ca:7d:58:fe:5c:8b:5e:c3:38:c1:d7:7d:b0:51:3b:42:48:f3:b3:9f:09:64:1b:c4:d9:59:e2:29:4f:51:0d:a8:37:1e:7c:66:4c:eb:43:6a:01:89:ac:d6:eb:81:70:4d:88:2b:f2:fb:9e:ae:bc:a2:21:49:44:31:e2:ab:a5:9b:59:95:88:b3:7c:94:e6:4a:8b:3e:9c:85:5d:62:6f:4a:73:5d:ba:4d:e6:9c:e6:dc:c3:a4:5b:47:e2:11:9d:f8:ac:bd:64:2c:2e:89:77:10:ee:b8:aa:31 Exponent: 65537, validTo=2023-09-22T08:37:30+00:00, issuer=CN=ross1RootCA,OU=ericssonOAM,O=Ericsson, subject=CN=ross1RootCA,OU=ericssonOAM,O=Ericsson, signatureAlgorithm=sha1WithRSAEncryption, publicKeyAlgorithm=rsaEncryption, validFrom=2013-09-24T08:37:30+00:00, serialNumber=7b:08:24:db, extensionContent=[SubjectKeyIdentifier: 9f:e3:14:34:fd:c7:84:cd:7f:f1:8e:b3:08:1e:0a:70:f1:89:73:4a, BasicConstraints*.CA: true, AuthorityKeyIdentifier.keyIdentifier: 9f:e3:14:34:fd:c7:84:cd:7f:f1:8e:b3:08:1e:0a:70:f1:89:73:4a], keyUsage=digitalSignature, keyCertSign, cRLSign, version=v3}
certificateState : NOT_VALID_YET
managedState : DISABLED
trustedCertificateId : 6

FDN : SubNetwork=RadioNode,MeContext=PSN1721Q_9NB01,ManagedElement=PSN1721Q_9NB01,SystemFunctions=1,SecM=1,CertM=1,TrustedCertificate=7
certificateContent : {publicKey=Modulus: a0:81:48:0e:80:c7:9d:a5:01:f2:d0:b9:c6:cc:4b:aa:97:5f:19:95:7f:ad:11:f2:3a:4f:65:a3:bf:f3:4b:7b:6a:7d:eb:8b:26:53:8b:44:a0:2f:25:63:de:d8:1a:4b:d4:5d:bb:85:20:39:4a:f5:4f:1c:32:d4:44:82:9e:ab:4d:80:9c:90:be:3c:98:6f:11:d8:34:7e:e7:27:a2:6c:8f:ee:6c:dc:d1:be:4b:15:fe:0d:0f:28:19:e3:66:f8:85:46:e5:fe:85:70:1a:eb:13:25:65:4e:b0:3a:74:25:e7:57:08:32:17:23:72:3f:81:94:67:e5:11:7e:ba:c9:bb:15:3c:d8:33:72:f7:ba:18:da:ab:b2:30:fa:33:19:24:fd:3a:c8:1d:ad:4b:d9:67:9b:44:57:42:f0:5c:78:af:fd:83:0f:cd:f6:1c:0c:ef:2d:f2:07:56:c7:70:24:0f:ca:94:37:d4:a7:ef:fd:0d:ee:79:29:66:ae:ba:84:bf:9f:b1:7d:0e:35:9a:2f:ad:9e:f8:bd:48:8b:62:e1:93:1d:b8:58:67:cc:10:86:63:99:a5:af:2e:91:d8:33:79:95:39:bc:ef:fe:e6:0b:22:2c:2f:d2:a4:95:3e:e1:8a:b4:ea:40:c2:1d:c4:92:fa:aa:f6:b8:f3:e9:71:f9 Exponent: 65537, validTo=2027-11-10T17:41:21+00:00, issuer=CN=ENM_PKI_Root_CA,C=TH,O=TrueCorp,OU=EnmNth, subject=CN=ENM_PKI_Root_CA,C=TH,O=TrueCorp,OU=EnmNth, signatureAlgorithm=sha256WithRSAEncryption, publicKeyAlgorithm=rsaEncryption, validFrom=2017-11-10T17:41:21+00:00, serialNumber=6c:9b:b9:90:fa:87:2d:48, extensionContent=[SubjectKeyIdentifier: d7:c3:66:7a:03:2b:80:f3:8a:11:bb:90:17:e1:31:a8:d8:f8:38:e7, BasicConstraints*.CA: true], keyUsage=keyCertSign, cRLSign, version=v3}
certificateState : VALID
managedState : ENABLED
trustedCertificateId : 7

FDN : SubNetwork=RadioNode,MeContext=PSN1721Q_9NB01,ManagedElement=PSN1721Q_9NB01,SystemFunctions=1,SecM=1,CertM=1,TrustedCertificate=8
certificateContent : {publicKey=Modulus: 88:1d:ed:de:63:c8:f3:9b:5b:0c:da:fe:5c:55:b0:13:97:ea:73:e3:32:99:f1:42:1a:75:af:cd:0c:c3:20:77:28:7e:61:9d:fd:71:ea:46:b0:22:1a:0f:8b:0f:0d:ff:6d:54:da:aa:3a:b6:53:ee:0e:98:b1:8a:e3:61:11:52:40:81:8a:95:be:9f:7a:26:63:6c:41:7f:6a:09:c2:95:a8:9f:18:3b:ef:6d:89:38:7a:24:a4:28:d6:3c:6a:13:d9:87:21:f4:41:a4:de:06:20:b7:e6:59:ac:ae:d8:85:9a:90:2d:8e:ac:eb:aa:08:22:c0:07:33:bf:cf:c6:74:e1:13:c9:2e:0d:88:a0:9b:d3:13:4b:3f:f0:d7:7d:8c:d2:88:41:5a:7e:e6:51:ee:d0:3c:a4:29:34:33:d5:f1:71:af:e7:d3:dd:b4:01:8d:15:58:c2:6c:0a:6d:5b:d1:4a:54:dd:92:3c:ae:a5:d8:8e:d9:e3:ee:f8:6b:c6:23:5b:99:0a:74:aa:ac:4a:96:9f:5d:48:fc:4c:3d:32:b9:70:fb:a2:a7:f7:3c:5c:d4:d0:12:84:0f:5a:cb:c8:e4:36:a8:e8:50:27:d8:fc:b5:d1:87:72:2b:b5:8c:10:2a:e7:e4:12:cf:27:98:ac:07:e2:15:d5:7b:40:d7:c1:81 Exponent: 65537, validTo=2025-11-10T17:41:27+00:00, issuer=CN=ENM_PKI_Root_CA,C=TH,O=TrueCorp,OU=EnmNth, subject=CN=ENM_Infrastructure_CA,C=TH,O=TrueCorp,OU=EnmNth, signatureAlgorithm=sha256WithRSAEncryption, publicKeyAlgorithm=rsaEncryption, validFrom=2017-11-10T17:41:27+00:00, serialNumber=3f:00:5b:bb:2d:7d:50:44, extensionContent=[CRLDistributionPoints.fullname.uri: http://10.81.10.7:8092/pki-cdps?ca_name=ENM_PKI_Root_CA&ca_cert_serialnumber=6c9bb990fa872d48, CRLDistributionPoints.fullname.uri: http://[]:8092/pki-cdps?ca_name=ENM_PKI_Root_CA&ca_cert_serialnumber=6c9bb990fa872d48, SubjectKeyIdentifier: 8f:bd:25:28:41:dd:a7:92:6c:bc:19:9c:1c:b4:55:12:37:1a:81:e0, BasicConstraints*.CA: true, AuthorityKeyIdentifier.keyIdentifier: d7:c3:66:7a:03:2b:80:f3:8a:11:bb:90:17:e1:31:a8:d8:f8:38:e7], keyUsage=keyCertSign, cRLSign, version=v3}
certificateState : VALID
managedState : ENABLED
trustedCertificateId : 8

FDN : SubNetwork=RadioNode,MeContext=PSN1721Q_9NB01,ManagedElement=PSN1721Q_9NB01,SystemFunctions=1,SecM=1,CertM=1,TrustedCertificate=9
certificateContent : {publicKey=Modulus: e8:85:03:2c:92:58:d5:8f:8a:23:4d:8f:d6:66:81:40:f8:88:e0:a8:bc:8a:b2:ad:ac:e8:fa:87:c4:ba:d8:b4:40:79:5a:79:01:8a:ba:85:0b:bf:43:14:76:f0:26:4b:18:2d:dd:e1:60:36:de:42:8b:18:58:f8:9b:d2:1c:8d:1e:4f:06:61:c2:3b:71:c0:13:f2:a9:6c:53:04:ab:96:ff:0c:16:e3:55:7f:d8:c8:e7:85:2f:83:5a:14:af:84:d9:cd:b8:fe:be:a1:d5:6b:db:e0:f3:cf:7e:7c:11:a5:a6:28:3f:ee:78:ad:19:83:cf:30:cb:86:63:23:a4:ca:c8:5a:71:e2:2a:ab:08:ce:43:a6:28:4f:34:87:a7:16:f4:4f:57:b6:8e:f6:42:03:a3:95:f3:b3:e3:07:b1:de:f6:be:6d:00:99:b1:2e:22:ba:b4:4d:4b:83:25:42:3d:07:09:7e:8d:4f:74:e3:5c:49:ee:ee:08:8b:35:6e:33:da:7c:cb:9f:82:58:84:f3:16:fe:51:e9:bf:2f:b4:35:04:13:f3:31:f5:2c:15:41:09:c6:9d:34:85:fb:01:28:6a:46:a3:e2:3f:fe:64:97:59:fc:a8:66:0c:4d:1c:7a:e9:d7:7b:3a:dd:24:eb:fe:b3:e0:60:b1:3f:ab:ee:2d Exponent: 65537, validTo=2025-11-10T17:10:30+00:00, issuer=CN=ENM_Infrastructure_CA,C=TH,O=TrueCorp,OU=EnmNth, subject=CN=ENM_OAM_CA,C=TH,O=TrueCorp,OU=EnmNth, signatureAlgorithm=sha256WithRSAEncryption, publicKeyAlgorithm=rsaEncryption, validFrom=2017-11-10T17:41:30+00:00, serialNumber=4f:a7:a3:52:0c:ed:98:d4, extensionContent=[CRLDistributionPoints.fullname.uri: http://10.81.10.7:8092/pki-cdps?ca_name=ENM_Infrastructure_CA&ca_cert_serialnumber=3f005bbb2d7d5044, CRLDistributionPoints.fullname.uri: http://[]:8092/pki-cdps?ca_name=ENM_Infrastructure_CA&ca_cert_serialnumber=3f005bbb2d7d5044, SubjectKeyIdentifier: ef:c3:c7:3f:5d:fd:e6:66:91:69:6f:ee:6c:16:44:74:46:81:13:22, BasicConstraints*.CA: true, AuthorityKeyIdentifier.keyIdentifier: 8f:bd:25:28:41:dd:a7:92:6c:bc:19:9c:1c:b4:55:12:37:1a:81:e0], keyUsage=keyCertSign, cRLSign, version=v3}
certificateState : VALID
managedState : ENABLED
trustedCertificateId : 9


10 instance(s)
Thu, 26 Sep 2019 21:46:45 removeOssCerts.py[line:82] INFO has-result: True
has-file: False
output:
SUCCESS FDN : SubNetwork=RadioNode,MeContext=PSN1721Q_9NB01,ManagedElement=PSN1721Q_9NB01,SystemFunctions=1,SecM=1,CertM=1,TrustedCertificate=1


1 instance(s) updated
Thu, 26 Sep 2019 21:46:45 removeOssCerts.py[line:82] INFO has-result: True
has-file: False
output:
SUCCESS FDN : SubNetwork=RadioNode,MeContext=PSN1721Q_9NB01,ManagedElement=PSN1721Q_9NB01,SystemFunctions=1,SecM=1,CertM=1,TrustedCertificate=2


1 instance(s) updated
Thu, 26 Sep 2019 21:46:45 removeOssCerts.py[line:82] INFO has-result: True
has-file: False
output:
SUCCESS FDN : SubNetwork=RadioNode,MeContext=PSN1721Q_9NB01,ManagedElement=PSN1721Q_9NB01,SystemFunctions=1,SecM=1,CertM=1,TrustedCertificate=3


1 instance(s) updated
Thu, 26 Sep 2019 21:46:45 removeOssCerts.py[line:82] INFO has-result: True
has-file: False
output:
SUCCESS FDN : SubNetwork=RadioNode,MeContext=PSN1721Q_9NB01,ManagedElement=PSN1721Q_9NB01,SystemFunctions=1,SecM=1,CertM=1,TrustedCertificate=4


1 instance(s) updated
Thu, 26 Sep 2019 21:46:45 removeOssCerts.py[line:82] INFO has-result: True
has-file: False
output:
SUCCESS FDN : SubNetwork=RadioNode,MeContext=PSN1721Q_9NB01,ManagedElement=PSN1721Q_9NB01,SystemFunctions=1,SecM=1,CertM=1,TrustedCertificate=5


1 instance(s) updated
Thu, 26 Sep 2019 21:46:45 removeOssCerts.py[line:82] INFO has-result: True
has-file: False
output:
SUCCESS FDN : SubNetwork=RadioNode,MeContext=PSN1721Q_9NB01,ManagedElement=PSN1721Q_9NB01,SystemFunctions=1,SecM=1,CertM=1,TrustedCertificate=6


1 instance(s) updated
Thu, 26 Sep 2019 21:46:46 removeOssCerts.py[line:96] INFO has-result: True
has-file: False
output:
FDN : SubNetwork=RadioNode,MeContext=PSN1721Q_9NB01,ManagedElement=PSN1721Q_9NB01,SystemFunctions=1,SecM=1,CertM=1,TrustCategory=1
trustedCertificates : [SubNetwork=RadioNode,MeContext=PSN1721Q_9NB01,ManagedElement=PSN1721Q_9NB01,SystemFunctions=1,SecM=1,CertM=1,TrustedCertificate=1, SubNetwork=RadioNode,MeContext=PSN1721Q_9NB01,ManagedElement=PSN1721Q_9NB01,SystemFunctions=1,SecM=1,CertM=1,TrustedCertificate=9, SubNetwork=RadioNode,MeContext=PSN1721Q_9NB01,ManagedElement=PSN1721Q_9NB01,SystemFunctions=1,SecM=1,CertM=1,TrustedCertificate=8, SubNetwork=RadioNode,MeContext=PSN1721Q_9NB01,ManagedElement=PSN1721Q_9NB01,SystemFunctions=1,SecM=1,CertM=1,TrustedCertificate=7, SubNetwork=RadioNode,MeContext=PSN1721Q_9NB01,ManagedElement=PSN1721Q_9NB01,SystemFunctions=1,SecM=1,CertM=1,TrustedCertificate=6, SubNetwork=RadioNode,MeContext=PSN1721Q_9NB01,ManagedElement=PSN1721Q_9NB01,SystemFunctions=1,SecM=1,CertM=1,TrustedCertificate=5, SubNetwork=RadioNode,MeContext=PSN1721Q_9NB01,ManagedElement=PSN1721Q_9NB01,SystemFunctions=1,SecM=1,CertM=1,TrustedCertificate=4, SubNetwork=RadioNode,MeContext=PSN1721Q_9NB01,ManagedElement=PSN1721Q_9NB01,SystemFunctions=1,SecM=1,CertM=1,TrustedCertificate=10, SubNetwork=RadioNode,MeContext=PSN1721Q_9NB01,ManagedElement=PSN1721Q_9NB01,SystemFunctions=1,SecM=1,CertM=1,TrustedCertificate=3, SubNetwork=RadioNode,MeContext=PSN1721Q_9NB01,ManagedElement=PSN1721Q_9NB01,SystemFunctions=1,SecM=1,CertM=1,TrustedCertificate=2]


1 instance(s)
Thu, 26 Sep 2019 21:46:46 removeOssCerts.py[line:108] INFO cmedit set SubNetwork=RadioNode,MeContext=PSN1721Q_9NB01
,ManagedElement=PSN1721Q_9NB01
,SystemFunctions=1,SecM=1,CertM=1,TrustCategory=1 trustedCertificates=["SubNetwork=RadioNode,MeContext=PSN1721Q_9NB01
,ManagedElement=PSN1721Q_9NB01
,SystemFunctions=1,SecM=1,CertM=1,TrustedCertificate=10","SubNetwork=RadioNode,MeContext=PSN1721Q_9NB01
,ManagedElement=PSN1721Q_9NB01
,SystemFunctions=1,SecM=1,CertM=1,TrustedCertificate=7","SubNetwork=RadioNode,MeContext=PSN1721Q_9NB01
,ManagedElement=PSN1721Q_9NB01
,SystemFunctions=1,SecM=1,CertM=1,TrustedCertificate=8","SubNetwork=RadioNode,MeContext=PSN1721Q_9NB01
,ManagedElement=PSN1721Q_9NB01
,SystemFunctions=1,SecM=1,CertM=1,TrustedCertificate=9"]
Thu, 26 Sep 2019 21:46:46 removeOssCerts.py[line:109] INFO has-result: True
has-file: False
output:

Error 1002 : Constraint violation: value specified for attribute trustedCertificates is not valid - Collection members: Value is not a valid FDN.; Value is not a valid FDN.; Value is not a valid FDN.; Value is not a valid FDN.
Suggested Solution : Verify valid values for the attribute by executing the following cmedit describe command - "cmedit describe TrustCategory.trustedCertificates"
Thu, 26 Sep 2019 21:46:46 removeOssCerts.py[line:114] INFO 
Thu, 26 Sep 2019 21:46:46 removeOssCerts.py[line:114] INFO Error 1002 : Constraint violation: value specified for attribute trustedCertificates is not valid - Collection members: Value is not a valid FDN.; Value is not a valid FDN.; Value is not a valid FDN.; Value is not a valid FDN.
Thu, 26 Sep 2019 21:46:46 removeOssCerts.py[line:114] INFO Error 1002 : Constraint violation: value specified for attribute trustedCertificates is not valid - Collection members: Value is not a valid FDN.; Value is not a valid FDN.; Value is not a valid FDN.; Value is not a valid FDN.Suggested Solution : Verify valid values for the attribute by executing the following cmedit describe command - "cmedit describe TrustCategory.trustedCertificates"
