Fri, 22 Nov 2019 01:07:02 removeOssCerts.py[line:36] INFO Program started!
Fri, 22 Nov 2019 01:07:02 removeOssCerts.py[line:38] INFO establish ENM terminal session:
Fri, 22 Nov 2019 01:07:02 session.py[line:53] INFO ENM opening session: https://enmnth.rfterranenm1.net, leigu001_v11
Fri, 22 Nov 2019 01:07:02 connectionpool.py[line:735] INFO Starting new HTTPS connection (1): enmnth.rfterranenm1.net
Fri, 22 Nov 2019 01:07:02 session.py[line:60] INFO ENM session is open: [https://enmnth.rfterranenm1.net][leigu001_v11][<enmscripting.private.session.ExternalSession object at 0x0000000005C569E8>]
Fri, 22 Nov 2019 01:07:02 removeOssCerts.py[line:43] INFO ENM terminal session established!
Fri, 22 Nov 2019 01:07:03 removeOssCerts.py[line:55] INFO has-result: True
has-file: False
output:
FDN : SubNetwork=PICO,MeContext=CMI9011T_2SC01,ManagedElement=CMI9011T_2SC01,SystemFunctions=1,SecM=1,CertM=1,TrustedCertificate=1
certificateContent : {publicKey=88:A4:DC:AD:7C:FB:C5:91:30:BC:8C:17:93:C6:F4:43:F2:04:65:EE:2C:73:E9:94:C4:92:07:80:8F:43:FF:5E:2E:24:A6:BB:8B:46:05:FF:32:1C:A1:AE:77:87:29:32:BB:4E:5E:83:9D:6B:89:26:0B:93:06:F6:FD:76:61:CC:93:30:B9:AC:37:14:28:70:7D:14:82:02:7D:47:77:ED:FF:57:EF:A0:8F:8F:D0:64:85:38:71:13:D8:45:96:17:F9:1A:B9:06:91:65:6A:4E:F0:D0:89:F7:56:70:B9:CE:0A:F3:41:8F:47:59:3C:C7:47:28:1B:CB:C7:DA:E8:51:D4:39:05:FC:5B:22:7E:91:BA:E1:EB:77:8C:C0:4C:16:B7:21:0F:67:E8:7E:91:DE:DC:89:5C:26:91:DF:69:B8:3C:06:C5:6B:C9:83:40:10:C7:54:CC:C5:E0:86:58:54:63:04:06:C7:59:91:44:77:3F:01:45:8A:0F:FB:2F:9E:24:86:B3:EF:3E:D5:76:A8:6B:17:3A:EF:9B:A7:5A:71:B7:99:D2:B3:BD:4C:B8:1C:94:E1:80:2A:F7:0D:88:E4:3E:F1:DB:0D:8E:97:2B:57:77:BF:20:84:F3:5C:E3:D2:14:D8:5E:3D:90:E3:0E:2B:03:5B:D3:C3:52:33:88:09, validTo=2023-09-22T08:37:22Z, issuer=O=Ericsson,OU=ericssonOAM,CN=COMInfRootCA, subject=O=Ericsson,OU=ericssonOAM,CN=DSCertCA, signatureAlgorithm=sha1WithRSAEncryption, publicKeyAlgorithm=RSA, validFrom=2013-09-24T08:38:47Z, serialNumber=20:9D:55:7B, extensionContent=[X509v3 Authority Key Identifier:keyid:5C:64:E8:DA:FD:F9:FD:60:FB:9D:F5:3E:EC:38:D6:80:01:BB:A7:DB, X509v3 Basic Constraints:CA:TRUE, X509v3 CRL Distribution Points:Full Name:URI:http://cdp1.cdps.rfterranoss.net:2377/internal/COMInfRootCA.crlFull Name:URI:http://cdp2.cdps.rfterranoss.net:2377/internal/COMInfRootCA.crl, X509v3 Key Usage:Digital Signature, Certificate Sign, CRL Sign, X509v3 Subject Key Identifier:8B:4E:64:05:6F:88:A9:0A:D4:1B:B8:C4:2E:56:34:7B:06:32:1E:06], keyUsage=Digital Signature, Certificate Sign, CRL Sign, version=Version 3}
certificateState : VALID
managedState : ENABLED
trustedCertificateId : 1

FDN : SubNetwork=PICO,MeContext=CMI9011T_2SC01,ManagedElement=CMI9011T_2SC01,SystemFunctions=1,SecM=1,CertM=1,TrustedCertificate=2
certificateContent : {publicKey=AE:10:4A:65:FB:D2:FF:1E:82:58:1C:FC:5D:AD:A8:6E:60:67:11:53:DB:72:31:A2:F8:F6:C0:85:C6:DF:3E:E0:ED:DC:73:2A:A9:1F:81:0E:07:7A:AE:52:D5:8B:96:72:A1:A2:AC:AF:89:AE:8A:41:AF:D9:6C:39:EA:D5:A7:AC:78:55:A7:9F:9D:A8:18:06:FA:70:99:E2:64:77:85:34:FD:0B:20:DB:F5:68:8F:65:B4:30:80:BF:7A:62:9F:E5:33:1E:80:46:7A:9B:C4:12:48:D3:C4:C5:A9:F9:E8:9F:98:25:AF:00:83:38:74:86:7B:4C:2A:6A:AA:DF:A3:70:7F:5D:B7:7F:70:5D:9C:DC:3C:16:29:9C:B5:69:72:58:7B:64:64:71:8A:1A:CE:20:87:E5:7F:93:4A:A9:88:FC:E1:94:77:CA:6F:1D:FA:BA:AC:59:EA:8F:84:19:CC:2C:04:2F:5E:60:B8:2D:D5:CE:8C:E7:C8:B9:5B:6F:4E:D5:DC:DE:93:48:30:51:D1:18:A5:E7:35:E1:56:1C:0F:7F:2B:EB:50:34:A6:E1:25:81:C2:29:46:25:6F:C5:0E:BA:68:93:B2:5F:BF:A8:F5:8F:B5:D9:88:2A:0E:CA:47:D2:5D:12:4D:B5:37:74:91:3A:0B:91:41:8E:D7:12:BD:D3, validTo=2023-09-22T08:37:22Z, issuer=O=Ericsson,OU=ericssonOAM,CN=COMInfRootCA, subject=O=Ericsson,OU=ericssonOAM,CN=COMInfRootCA, signatureAlgorithm=sha1WithRSAEncryption, publicKeyAlgorithm=RSA, validFrom=2013-09-24T08:37:22Z, serialNumber=77:8B:91:C0, extensionContent=[X509v3 Authority Key Identifier:keyid:5C:64:E8:DA:FD:F9:FD:60:FB:9D:F5:3E:EC:38:D6:80:01:BB:A7:DB, X509v3 Basic Constraints:CA:TRUE, X509v3 Key Usage:Digital Signature, Certificate Sign, CRL Sign, X509v3 Subject Key Identifier:5C:64:E8:DA:FD:F9:FD:60:FB:9D:F5:3E:EC:38:D6:80:01:BB:A7:DB], keyUsage=Digital Signature, Certificate Sign, CRL Sign, version=Version 3}
certificateState : VALID
managedState : ENABLED
trustedCertificateId : 2

FDN : SubNetwork=PICO,MeContext=CMI9011T_2SC01,ManagedElement=CMI9011T_2SC01,SystemFunctions=1,SecM=1,CertM=1,TrustedCertificate=3
certificateContent : {publicKey=85:03:65:93:8C:D9:4B:9C:B0:A7:F1:E4:4E:5B:CC:4F:5E:C0:D4:CD:49:A1:EF:91:BD:EA:B9:51:80:F9:5D:25:DB:80:A0:6E:18:D3:74:F3:0B:DB:7D:96:05:F7:FF:9F:6F:FD:80:40:08:90:0E:5F:56:5D:B7:04:80:C8:F8:CC:5A:90:14:C4:C6:51:15:65:4E:A6:7A:6E:77:8E:28:01:B5:72:0B:98:95:C6:DE:FE:58:DA:94:06:4A:06:32:8A:E3:9E:02:D1:64:B2:B7:2A:74:6F:F1:59:7B:D0:20:A5:74:F4:64:89:66:A4:38:2D:2C:E0:39:4B:E8:E8:73:46:56:66:74:13:AA:41:63:B1:90:DC:7E:FB:F6:0A:36:35:92:6E:F2:07:AD:97:23:14:FE:92:21:40:A5:72:E5:BF:0C:32:71:18:BC:27:D3:D9:59:4C:6F:AC:BE:20:47:27:67:F9:52:6C:0A:E0:C6:22:6D:1D:0C:98:83:16:BA:C7:7D:86:89:23:25:88:06:31:17:BE:9E:B9:E1:84:D6:60:06:2F:A1:13:D7:C2:0B:66:84:BC:FF:A0:15:9A:E8:B9:B5:F6:B6:7F:69:1A:4F:92:BE:C1:E2:05:08:64:FA:F7:7F:8F:3E:95:0A:BF:CC:F8:55:DF:00:F7:DE:72:DD:7B, validTo=2023-09-22T08:37:30Z, issuer=O=Ericsson,OU=ericssonOAM,CN=ross1RootCA, subject=O=Ericsson,OU=ericssonOAM,CN=ross1MSCertCA, signatureAlgorithm=sha1WithRSAEncryption, publicKeyAlgorithm=RSA, validFrom=2013-09-24T08:37:47Z, serialNumber=5C:77:31:9B, extensionContent=[X509v3 Authority Key Identifier:keyid:9F:E3:14:34:FD:C7:84:CD:7F:F1:8E:B3:08:1E:0A:70:F1:89:73:4A, X509v3 Basic Constraints:CA:TRUE, X509v3 CRL Distribution Points:Full Name:URI:http://cdp1.cdps.rfterranoss.net:2377/internal/ross1RootCA.crlFull Name:URI:http://cdp2.cdps.rfterranoss.net:2377/internal/ross1RootCA.crl, X509v3 Key Usage:Digital Signature, Certificate Sign, CRL Sign, X509v3 Subject Key Identifier:74:61:52:A6:17:AC:C2:E2:B6:39:6A:15:39:C9:94:41:0C:3C:06:F9], keyUsage=Digital Signature, Certificate Sign, CRL Sign, version=Version 3}
certificateState : VALID
managedState : ENABLED
trustedCertificateId : 3

FDN : SubNetwork=PICO,MeContext=CMI9011T_2SC01,ManagedElement=CMI9011T_2SC01,SystemFunctions=1,SecM=1,CertM=1,TrustedCertificate=4
certificateContent : {publicKey=BF:F7:A4:07:43:BE:B6:1E:D5:CF:07:AC:1A:5A:C8:02:FB:F1:75:A5:5B:83:CA:21:43:9A:60:BB:57:93:B4:B4:DA:29:D1:E7:29:DF:3E:C2:A0:D8:01:2F:B5:7A:9D:71:7E:CD:BF:1B:A1:46:4E:05:DC:94:80:5F:66:0B:C4:CC:31:71:9D:F3:36:26:6E:B9:BA:32:5B:7B:39:53:1E:4A:46:2E:61:D4:25:19:50:B7:B6:C4:FF:70:35:79:19:81:CA:39:A1:11:B4:D4:FD:06:42:EF:3A:98:32:F9:E6:B8:84:12:A4:D1:2B:4C:A1:1F:37:8D:44:19:6A:21:BB:A8:70:EA:E2:7E:2B:9A:D6:D3:FD:98:1F:25:AC:67:A6:60:EF:63:4D:49:CA:7D:58:FE:5C:8B:5E:C3:38:C1:D7:7D:B0:51:3B:42:48:F3:B3:9F:09:64:1B:C4:D9:59:E2:29:4F:51:0D:A8:37:1E:7C:66:4C:EB:43:6A:01:89:AC:D6:EB:81:70:4D:88:2B:F2:FB:9E:AE:BC:A2:21:49:44:31:E2:AB:A5:9B:59:95:88:B3:7C:94:E6:4A:8B:3E:9C:85:5D:62:6F:4A:73:5D:BA:4D:E6:9C:E6:DC:C3:A4:5B:47:E2:11:9D:F8:AC:BD:64:2C:2E:89:77:10:EE:B8:AA:31, validTo=2023-09-22T08:37:30Z, issuer=O=Ericsson,OU=ericssonOAM,CN=ross1RootCA, subject=O=Ericsson,OU=ericssonOAM,CN=ross1RootCA, signatureAlgorithm=sha1WithRSAEncryption, publicKeyAlgorithm=RSA, validFrom=2013-09-24T08:37:30Z, serialNumber=7B:08:24:DB, extensionContent=[X509v3 Authority Key Identifier:keyid:9F:E3:14:34:FD:C7:84:CD:7F:F1:8E:B3:08:1E:0A:70:F1:89:73:4A, X509v3 Basic Constraints:CA:TRUE, X509v3 Key Usage:Digital Signature, Certificate Sign, CRL Sign, X509v3 Subject Key Identifier:9F:E3:14:34:FD:C7:84:CD:7F:F1:8E:B3:08:1E:0A:70:F1:89:73:4A], keyUsage=Digital Signature, Certificate Sign, CRL Sign, version=Version 3}
certificateState : VALID
managedState : ENABLED
trustedCertificateId : 4

FDN : SubNetwork=PICO,MeContext=CMI9011T_2SC01,ManagedElement=CMI9011T_2SC01,SystemFunctions=1,SecM=1,CertM=1,TrustedCertificate=5
certificateContent : {publicKey=98:00:7C:31:46:57:0F:A0:7E:9A:12:1A:C1:31:63:12:AB:1A:BE:D1:86:64:E1:49:74:8E:51:2D:8D:5C:89:A0:02:D3:DA:F7:ED:6C:08:78:34:F0:EB:79:F7:48:49:F6:9F:9D:86:9E:90:14:28:E4:0B:06:02:59:E0:C6:C5:6C:D2:AD:40:53:C0:ED:93:C8:CF:88:A3:D0:B5:47:DB:AE:AA:98:41:21:4F:62:D3:A6:2D:5D:3F:61:BA:0F:A8:DA:0D:A5:D5:A7:51:4A:44:46:84:39:C6:74:C3:92:29:9F:A0:94:53:44:45:E7:70:FB:80:06:F1:3F:27:4E:B8:6D:ED:B8:13:2E:ED:1B:EE:31:E7:8B:F8:3D:CE:42:57:B3:72:A2:E8:BA:44:73:BD:FD:79:F0:F7:D4:BA:68:D2:E4:B9:E6:6B:32:0A:B5:DC:85:73:F7:C0:E0:A2:27:EA:BD:7F:58:DC:8E:38:C1:63:95:A5:CE:FA:70:FE:37:D5:37:D6:96:B8:89:9D:6A:A7:80:F9:65:E9:B8:C7:88:66:48:18:B6:01:93:27:14:EE:B4:AC:E8:C7:2C:D0:30:18:A0:8B:47:E4:AC:12:9F:30:77:5D:4A:B5:C5:46:62:B3:63:16:F0:2B:92:C2:B6:AE:F6:89:10:80:9C:22:F4:36:CF, validTo=2023-09-22T08:37:22Z, issuer=O=Ericsson,OU=ericssonOAM,CN=COMInfRootCA, subject=O=Ericsson,OU=ericssonOAM,CN=RACSACertCA, signatureAlgorithm=sha1WithRSAEncryption, publicKeyAlgorithm=RSA, validFrom=2013-09-24T08:38:08Z, serialNumber=3B:16:16:56, extensionContent=[X509v3 Authority Key Identifier:keyid:5C:64:E8:DA:FD:F9:FD:60:FB:9D:F5:3E:EC:38:D6:80:01:BB:A7:DB, X509v3 Basic Constraints:CA:TRUE, X509v3 CRL Distribution Points:Full Name:URI:http://cdp1.cdps.rfterranoss.net:2377/internal/COMInfRootCA.crlFull Name:URI:http://cdp2.cdps.rfterranoss.net:2377/internal/COMInfRootCA.crl, X509v3 Key Usage:Digital Signature, Certificate Sign, CRL Sign, X509v3 Subject Key Identifier:41:83:2B:B3:4C:DA:36:2D:5F:91:83:DB:57:7A:CB:68:C5:2A:BA:59], keyUsage=Digital Signature, Certificate Sign, CRL Sign, version=Version 3}
certificateState : VALID
managedState : ENABLED
trustedCertificateId : 5

FDN : SubNetwork=PICO,MeContext=CMI9011T_2SC01,ManagedElement=CMI9011T_2SC01,SystemFunctions=1,SecM=1,CertM=1,TrustedCertificate=6
certificateContent : {publicKey=A0:81:48:0E:80:C7:9D:A5:01:F2:D0:B9:C6:CC:4B:AA:97:5F:19:95:7F:AD:11:F2:3A:4F:65:A3:BF:F3:4B:7B:6A:7D:EB:8B:26:53:8B:44:A0:2F:25:63:DE:D8:1A:4B:D4:5D:BB:85:20:39:4A:F5:4F:1C:32:D4:44:82:9E:AB:4D:80:9C:90:BE:3C:98:6F:11:D8:34:7E:E7:27:A2:6C:8F:EE:6C:DC:D1:BE:4B:15:FE:0D:0F:28:19:E3:66:F8:85:46:E5:FE:85:70:1A:EB:13:25:65:4E:B0:3A:74:25:E7:57:08:32:17:23:72:3F:81:94:67:E5:11:7E:BA:C9:BB:15:3C:D8:33:72:F7:BA:18:DA:AB:B2:30:FA:33:19:24:FD:3A:C8:1D:AD:4B:D9:67:9B:44:57:42:F0:5C:78:AF:FD:83:0F:CD:F6:1C:0C:EF:2D:F2:07:56:C7:70:24:0F:CA:94:37:D4:A7:EF:FD:0D:EE:79:29:66:AE:BA:84:BF:9F:B1:7D:0E:35:9A:2F:AD:9E:F8:BD:48:8B:62:E1:93:1D:B8:58:67:CC:10:86:63:99:A5:AF:2E:91:D8:33:79:95:39:BC:EF:FE:E6:0B:22:2C:2F:D2:A4:95:3E:E1:8A:B4:EA:40:C2:1D:C4:92:FA:AA:F6:B8:F3:E9:71:F9, validTo=2027-11-10T17:41:21Z, issuer=OU=EnmNth,O=TrueCorp,C=TH,CN=ENM_PKI_Root_CA, subject=OU=EnmNth,O=TrueCorp,C=TH,CN=ENM_PKI_Root_CA, signatureAlgorithm=sha256WithRSAEncryption, publicKeyAlgorithm=RSA, validFrom=2017-11-10T17:41:21Z, serialNumber=6C:9B:B9:90:FA:87:2D:48, extensionContent=[X509v3 Basic Constraints:CA:TRUE, X509v3 Key Usage:Certificate Sign, CRL Sign, X509v3 Subject Key Identifier:D7:C3:66:7A:03:2B:80:F3:8A:11:BB:90:17:E1:31:A8:D8:F8:38:E7], keyUsage=Certificate Sign, CRL Sign, version=Version 3}
certificateState : VALID
managedState : ENABLED
trustedCertificateId : 6

FDN : SubNetwork=PICO,MeContext=CMI9011T_2SC01,ManagedElement=CMI9011T_2SC01,SystemFunctions=1,SecM=1,CertM=1,TrustedCertificate=7
certificateContent : {publicKey=88:1D:ED:DE:63:C8:F3:9B:5B:0C:DA:FE:5C:55:B0:13:97:EA:73:E3:32:99:F1:42:1A:75:AF:CD:0C:C3:20:77:28:7E:61:9D:FD:71:EA:46:B0:22:1A:0F:8B:0F:0D:FF:6D:54:DA:AA:3A:B6:53:EE:0E:98:B1:8A:E3:61:11:52:40:81:8A:95:BE:9F:7A:26:63:6C:41:7F:6A:09:C2:95:A8:9F:18:3B:EF:6D:89:38:7A:24:A4:28:D6:3C:6A:13:D9:87:21:F4:41:A4:DE:06:20:B7:E6:59:AC:AE:D8:85:9A:90:2D:8E:AC:EB:AA:08:22:C0:07:33:BF:CF:C6:74:E1:13:C9:2E:0D:88:A0:9B:D3:13:4B:3F:F0:D7:7D:8C:D2:88:41:5A:7E:E6:51:EE:D0:3C:A4:29:34:33:D5:F1:71:AF:E7:D3:DD:B4:01:8D:15:58:C2:6C:0A:6D:5B:D1:4A:54:DD:92:3C:AE:A5:D8:8E:D9:E3:EE:F8:6B:C6:23:5B:99:0A:74:AA:AC:4A:96:9F:5D:48:FC:4C:3D:32:B9:70:FB:A2:A7:F7:3C:5C:D4:D0:12:84:0F:5A:CB:C8:E4:36:A8:E8:50:27:D8:FC:B5:D1:87:72:2B:B5:8C:10:2A:E7:E4:12:CF:27:98:AC:07:E2:15:D5:7B:40:D7:C1:81, validTo=2025-11-10T17:41:27Z, issuer=OU=EnmNth,O=TrueCorp,C=TH,CN=ENM_PKI_Root_CA, subject=OU=EnmNth,O=TrueCorp,C=TH,CN=ENM_Infrastructure_CA, signatureAlgorithm=sha256WithRSAEncryption, publicKeyAlgorithm=RSA, validFrom=2017-11-10T17:41:27Z, serialNumber=3F:00:5B:BB:2D:7D:50:44, extensionContent=[X509v3 Authority Key Identifier:keyid:D7:C3:66:7A:03:2B:80:F3:8A:11:BB:90:17:E1:31:A8:D8:F8:38:E7, X509v3 Basic Constraints:CA:TRUE, X509v3 CRL Distribution Points:Full Name:URI:http://10.81.10.7:8092/pki-cdps?ca_name=ENM_PKI_Root_CA&ca_cert_serialnumber=6c9bb990fa872d48Full Name:URI:http://[]:8092/pki-cdps?ca_name=ENM_PKI_Root_CA&ca_cert_serialnumber=6c9bb990fa872d48, X509v3 Key Usage:Certificate Sign, CRL Sign, X509v3 Subject Key Identifier:8F:BD:25:28:41:DD:A7:92:6C:BC:19:9C:1C:B4:55:12:37:1A:81:E0], keyUsage=Certificate Sign, CRL Sign, version=Version 3}
certificateState : VALID
managedState : ENABLED
trustedCertificateId : 7

FDN : SubNetwork=PICO,MeContext=CMI9011T_2SC01,ManagedElement=CMI9011T_2SC01,SystemFunctions=1,SecM=1,CertM=1,TrustedCertificate=8
certificateContent : {publicKey=E8:85:03:2C:92:58:D5:8F:8A:23:4D:8F:D6:66:81:40:F8:88:E0:A8:BC:8A:B2:AD:AC:E8:FA:87:C4:BA:D8:B4:40:79:5A:79:01:8A:BA:85:0B:BF:43:14:76:F0:26:4B:18:2D:DD:E1:60:36:DE:42:8B:18:58:F8:9B:D2:1C:8D:1E:4F:06:61:C2:3B:71:C0:13:F2:A9:6C:53:04:AB:96:FF:0C:16:E3:55:7F:D8:C8:E7:85:2F:83:5A:14:AF:84:D9:CD:B8:FE:BE:A1:D5:6B:DB:E0:F3:CF:7E:7C:11:A5:A6:28:3F:EE:78:AD:19:83:CF:30:CB:86:63:23:A4:CA:C8:5A:71:E2:2A:AB:08:CE:43:A6:28:4F:34:87:A7:16:F4:4F:57:B6:8E:F6:42:03:A3:95:F3:B3:E3:07:B1:DE:F6:BE:6D:00:99:B1:2E:22:BA:B4:4D:4B:83:25:42:3D:07:09:7E:8D:4F:74:E3:5C:49:EE:EE:08:8B:35:6E:33:DA:7C:CB:9F:82:58:84:F3:16:FE:51:E9:BF:2F:B4:35:04:13:F3:31:F5:2C:15:41:09:C6:9D:34:85:FB:01:28:6A:46:A3:E2:3F:FE:64:97:59:FC:A8:66:0C:4D:1C:7A:E9:D7:7B:3A:DD:24:EB:FE:B3:E0:60:B1:3F:AB:EE:2D, validTo=2025-11-10T17:10:30Z, issuer=OU=EnmNth,O=TrueCorp,C=TH,CN=ENM_Infrastructure_CA, subject=OU=EnmNth,O=TrueCorp,C=TH,CN=ENM_OAM_CA, signatureAlgorithm=sha256WithRSAEncryption, publicKeyAlgorithm=RSA, validFrom=2017-11-10T17:41:30Z, serialNumber=4F:A7:A3:52:0C:ED:98:D4, extensionContent=[X509v3 Authority Key Identifier:keyid:8F:BD:25:28:41:DD:A7:92:6C:BC:19:9C:1C:B4:55:12:37:1A:81:E0, X509v3 Basic Constraints:CA:TRUE, X509v3 CRL Distribution Points:Full Name:URI:http://10.81.10.7:8092/pki-cdps?ca_name=ENM_Infrastructure_CA&ca_cert_serialnumber=3f005bbb2d7d5044Full Name:URI:http://[]:8092/pki-cdps?ca_name=ENM_Infrastructure_CA&ca_cert_serialnumber=3f005bbb2d7d5044, X509v3 Key Usage:Certificate Sign, CRL Sign, X509v3 Subject Key Identifier:EF:C3:C7:3F:5D:FD:E6:66:91:69:6F:EE:6C:16:44:74:46:81:13:22], keyUsage=Certificate Sign, CRL Sign, version=Version 3}
certificateState : VALID
managedState : ENABLED
trustedCertificateId : 8


8 instance(s)
Fri, 22 Nov 2019 01:07:03 removeOssCerts.py[line:82] INFO has-result: True
has-file: False
output:

0 instance(s) found
